unsafe: [63, 64, 67, 64, 65, 67, 64] --> [-1, -3, 3, -1, -2, 3]
unsafe: [35, 36, 38, 41, 38, 40, 42, 42] --> [-1, -2, -3, 3, -2, -2, 0]
unsafe: [59, 62, 63, 64, 66, 64, 67, 71] --> [-3, -1, -1, -2, 2, -3, -4]
unsafe: [55, 57, 55, 56, 61] --> [-2, 2, -1, -5]
unsafe: [84, 86, 89, 91, 93, 94, 94, 91] --> [-2, -3, -2, -2, -1, 0, 3]
unsafe: [32, 34, 36, 36, 37, 39, 41, 41] --> [-2, -2, 0, -1, -2, -2, 0]
unsafe: [13, 15, 18, 19, 19, 21, 22, 26] --> [-2, -3, -1, 0, -2, -1, -4]
unsafe: [61, 64, 64, 67, 68, 74] --> [-3, 0, -3, -1, -6]
unsafe: [53, 56, 57, 61, 62, 64, 62] --> [-3, -1, -4, -1, -2, 2]
unsafe: [78, 80, 84, 85, 85] --> [-2, -4, -1, 0]
unsafe: [38, 39, 41, 45, 47, 51] --> [-1, -2, -4, -2, -4]
unsafe: [2, 5, 8, 9, 12, 16, 18, 24] --> [-3, -3, -1, -3, -4, -2, -6]
unsafe: [31, 32, 37, 39, 40, 42, 40] --> [-1, -5, -2, -1, -2, 2]
unsafe: [46, 48, 53, 54, 54] --> [-2, -5, -1, 0]
unsafe: [40, 43, 45, 51, 55] --> [-3, -2, -6, -4]
unsafe: [31, 32, 35, 37, 44, 45, 51] --> [-1, -3, -2, -7, -1, -6]
unsafe: [78, 76, 79, 80, 78] --> [2, -3, -1, 2]
unsafe: [46, 45, 48, 49, 52, 54, 54] --> [1, -3, -1, -3, -2, 0]
unsafe: [17, 16, 17, 20, 24] --> [1, -1, -3, -4]
unsafe: [80, 78, 80, 82, 83, 90] --> [2, -2, -2, -1, -7]
unsafe: [-48, -47, -44, -46, -48] --> [-1, -3, 2, 2]
unsafe: [26, 23, 24, 26, 24, 26, 28, 28] --> [3, -1, -2, 2, -2, -2, 0]
unsafe: [-4, -3, -1, -4, -5, -7, -9, -13] --> [-1, -2, 3, 1, 2, 2, 4]
unsafe: [-48, -45, -43, -45, -47, -52] --> [-3, -2, 2, 2, 5]
unsafe: [93, 90, 92, 95, 95, 98] --> [3, -2, -3, 0, -3]
unsafe: [80, 79, 81, 81, 83, 84, 83] --> [1, -2, 0, -2, -1, 1]
unsafe: [-6, -4, -4, -6, -8, -8] --> [-2, 0, 2, 2, 0]
unsafe: [8, 5, 6, 9, 12, 12, 16] --> [3, -1, -3, -3, 0, -4]
unsafe: [-42, -41, -41, -44, -45, -47, -54] --> [-1, 0, 3, 1, 2, 7]
unsafe: [66, 63, 64, 68, 70, 73] --> [3, -1, -4, -2, -3]
unsafe: [45, 43, 44, 46, 50, 49] --> [2, -1, -2, -4, 1]
unsafe: [5, 4, 7, 11, 12, 14, 14] --> [1, -3, -4, -1, -2, 0]
unsafe: [72, 71, 75, 78, 80, 84] --> [1, -4, -3, -2, -4]
unsafe: [79, 77, 79, 82, 83, 87, 88, 93] --> [2, -2, -3, -1, -4, -1, -5]
unsafe: [75, 74, 76, 77, 84, 85] --> [1, -2, -1, -7, -1]
unsafe: [26, 25, 28, 30, 36, 39, 38] --> [1, -3, -2, -6, -3, 1]
unsafe: [26, 25, 26, 32, 32] --> [1, -1, -6, 0]
unsafe: [49, 47, 50, 53, 60, 61, 65] --> [2, -3, -3, -7, -1, -4]
unsafe: [18, 16, 17, 18, 23, 29] --> [2, -1, -1, -5, -6]
unsafe: [43, 43, 46, 47, 49, 50, 51, 50] --> [0, -3, -1, -2, -1, -1, 1]
unsafe: [87, 87, 89, 90, 93, 93] --> [0, -2, -1, -3, 0]
unsafe: [52, 52, 55, 58, 62] --> [0, -3, -3, -4]
unsafe: [78, 78, 81, 82, 83, 85, 91] --> [0, -3, -1, -1, -2, -6]
unsafe: [-48, -48, -46, -49, -51] --> [0, -2, 3, 2]
unsafe: [89, 89, 92, 93, 91, 92, 95, 94] --> [0, -3, -1, 2, -1, -3, 1]
unsafe: [13, 13, 15, 14, 16, 19, 19] --> [0, -2, 1, -2, -3, 0]
unsafe: [-68, -68, -65, -66, -68, -72] --> [0, -3, 1, 2, 4]
unsafe: [-39, -39, -37, -38, -39, -46] --> [0, -2, 1, 1, 7]
unsafe: [23, 23, 25, 25, 26, 29] --> [0, -2, 0, -1, -3]
unsafe: [90, 90, 93, 94, 94, 95, 98, 96] --> [0, -3, -1, 0, -1, -3, 2]
unsafe: [26, 26, 27, 30, 30, 31, 32, 32] --> [0, -1, -3, 0, -1, -1, 0]
unsafe: [61, 61, 64, 66, 66, 70] --> [0, -3, -2, 0, -4]
unsafe: [-34, -34, -34, -36, -41] --> [0, 0, 2, 5]
unsafe: [35, 35, 37, 39, 40, 44, 45] --> [0, -2, -2, -1, -4, -1]
unsafe: [70, 70, 74, 77, 79, 82, 84, 82] --> [0, -4, -3, -2, -3, -2, 2]
unsafe: [16, 16, 19, 23, 26, 28, 29, 29] --> [0, -3, -4, -3, -2, -1, 0]
unsafe: [41, 41, 42, 46, 50] --> [0, -1, -4, -4]
unsafe: [33, 33, 34, 38, 40, 46] --> [0, -1, -4, -2, -6]
unsafe: [28, 28, 29, 36, 39] --> [0, -1, -7, -3]
unsafe: [79, 79, 85, 87, 88, 90, 89] --> [0, -6, -2, -1, -2, 1]
unsafe: [66, 66, 69, 72, 77, 77] --> [0, -3, -3, -5, 0]
unsafe: [49, 49, 51, 52, 59, 63] --> [0, -2, -1, -7, -4]
unsafe: [38, 38, 40, 42, 49, 56] --> [0, -2, -2, -7, -7]
unsafe: [41, 45, 48, 50, 52, 49] --> [-4, -3, -2, -2, 3]
unsafe: [60, 64, 67, 68, 69, 72, 75, 75] --> [-4, -3, -1, -1, -3, -3, 0]
unsafe: [78, 82, 83, 85, 89] --> [-4, -1, -2, -4]
unsafe: [33, 37, 40, 42, 48] --> [-4, -3, -2, -6]
unsafe: [78, 82, 85, 87, 89, 87, 88, 89] --> [-4, -3, -2, -2, 2, -1, -1]
unsafe: [2, 6, 5, 6, 7, 9, 7] --> [-4, 1, -1, -1, -2, 2]
unsafe: [1, 5, 3, 5, 6, 8, 8] --> [-4, 2, -2, -1, -2, 0]
unsafe: [81, 85, 83, 84, 86, 90] --> [-4, 2, -1, -2, -4]
unsafe: [65, 69, 67, 68, 69, 72, 74, 81] --> [-4, 2, -1, -1, -3, -2, -7]
unsafe: [15, 19, 21, 24, 26, 26, 28] --> [-4, -2, -3, -2, 0, -2]
unsafe: [4, 8, 11, 14, 14, 16, 15] --> [-4, -3, -3, 0, -2, 1]
unsafe: [9, 13, 14, 14, 17, 17] --> [-4, -1, 0, -3, 0]
unsafe: [15, 19, 20, 20, 22, 26] --> [-4, -1, 0, -2, -4]
unsafe: [9, 13, 15, 16, 16, 22] --> [-4, -2, -1, 0, -6]
unsafe: [16, 20, 23, 27, 30] --> [-4, -3, -4, -3]
unsafe: [18, 22, 25, 29, 31, 29] --> [-4, -3, -4, -2, 2]
unsafe: [1, 5, 6, 8, 10, 13, 17, 17] --> [-4, -1, -2, -2, -3, -4, 0]
unsafe: [9, 13, 17, 20, 22, 26] --> [-4, -4, -3, -2, -4]
unsafe: [28, 32, 33, 37, 40, 46] --> [-4, -1, -4, -3, -6]
unsafe: [30, 34, 36, 38, 40, 47, 50] --> [-4, -2, -2, -2, -7, -3]
unsafe: [44, 48, 54, 57, 59, 60, 61, 58] --> [-4, -6, -3, -2, -1, -1, 3]
unsafe: [9, 13, 16, 22, 22] --> [-4, -3, -6, 0]
unsafe: [62, 66, 68, 71, 77, 81] --> [-4, -2, -3, -6, -4]
unsafe: [36, 40, 42, 49, 54] --> [-4, -2, -7, -5]
unsafe: [5, 10, 11, 13, 10] --> [-5, -1, -2, 3]
unsafe: [5, 11, 12, 15, 17, 19, 19] --> [-6, -1, -3, -2, -2, 0]
unsafe: [34, 39, 40, 43, 47] --> [-5, -1, -3, -4]
unsafe: [50, 57, 59, 60, 61, 63, 70] --> [-7, -2, -1, -1, -2, -7]
unsafe: [38, 43, 44, 43, 46, 48, 51] --> [-5, -1, 1, -3, -2, -3]
unsafe: [79, 85, 88, 85, 87, 86] --> [-6, -3, 3, -2, 1]
unsafe: [72, 78, 79, 76, 78, 80, 81, 81] --> [-6, -1, 3, -2, -2, -1, 0]
unsafe: [42, 48, 47, 48, 52] --> [-6, 1, -1, -4]
unsafe: [55, 62, 63, 66, 68, 65, 70] --> [-7, -1, -3, -2, 3, -5]
unsafe: [47, 54, 55, 55, 58, 59, 60] --> [-7, -1, 0, -3, -1, -1]
unsafe: [79, 85, 87, 87, 89, 88] --> [-6, -2, 0, -2, 1]
unsafe: [7, 14, 17, 20, 23, 24, 24, 24] --> [-7, -3, -3, -3, -1, 0, 0]
unsafe: [68, 73, 75, 75, 76, 77, 79, 83] --> [-5, -2, 0, -1, -1, -2, -4]
unsafe: [9, 16, 19, 19, 24] --> [-7, -3, 0, -5]
unsafe: [66, 72, 73, 77, 79] --> [-6, -1, -4, -2]
unsafe: [12, 18, 22, 23, 24, 23] --> [-6, -4, -1, -1, 1]
unsafe: [26, 32, 33, 36, 38, 42, 44, 44] --> [-6, -1, -3, -2, -4, -2, 0]
unsafe: [30, 37, 39, 43, 46, 50] --> [-7, -2, -4, -3, -4]
unsafe: [66, 73, 74, 75, 79, 86] --> [-7, -1, -1, -4, -7]
unsafe: [47, 53, 58, 60, 62] --> [-6, -5, -2, -2]
unsafe: [46, 53, 59, 62, 59] --> [-7, -6, -3, 3]
unsafe: [56, 61, 63, 66, 68, 75, 76, 76] --> [-5, -2, -3, -2, -7, -1, 0]
unsafe: [23, 29, 32, 34, 39, 40, 44] --> [-6, -3, -2, -5, -1, -4]
unsafe: [33, 40, 41, 43, 48, 49, 56] --> [-7, -1, -2, -5, -1, -7]
unsafe: [88, 87, 88, 86, 85, 83, 84] --> [1, -1, 2, 1, 2, -1]
unsafe: [-44, -42, -41, -44, -43, -43] --> [-2, -1, 3, -1, 0]
unsafe: [-23, -20, -17, -18, -15, -14, -10] --> [-3, -3, 1, -3, -1, -4]
unsafe: [-22, -19, -18, -19, -12] --> [-3, -1, 1, -7]
unsafe: [-38, -36, -36, -35, -32, -31, -34] --> [-2, 0, -1, -3, -1, 3]
unsafe: [-41, -40, -40, -39, -38, -37, -35, -35] --> [-1, 0, -1, -1, -1, -2, 0]
unsafe: [-63, -61, -59, -58, -56, -56, -53, -49] --> [-2, -2, -1, -2, 0, -3, -4]
unsafe: [-30, -27, -26, -26, -21] --> [-3, -1, 0, -5]
unsafe: [-48, -46, -45, -41, -43] --> [-2, -1, -4, 2]
unsafe: [-27, -26, -24, -20, -19, -19] --> [-1, -2, -4, -1, 0]
unsafe: [-17, -14, -10, -7, -3] --> [-3, -4, -3, -4]
unsafe: [-66, -64, -60, -57, -52] --> [-2, -4, -3, -5]
unsafe: [-93, -90, -87, -84, -82, -75, -77] --> [-3, -3, -3, -2, -7, 2]
unsafe: [-83, -81, -80, -73, -73] --> [-2, -1, -7, 0]
unsafe: [-41, -38, -32, -29, -25] --> [-3, -6, -3, -4]
unsafe: [-50, -49, -48, -41, -36] --> [-1, -1, -7, -5]
unsafe: [83, 86, 83, 81, 78, 75] --> [-3, 3, 2, 3, 3]
unsafe: [39, 41, 39, 37, 36, 37] --> [-2, 2, 2, 1, -1]
unsafe: [39, 41, 39, 37, 37] --> [-2, 2, 2, 0]
unsafe: [61, 62, 59, 58, 57, 54, 50] --> [-1, 3, 1, 1, 3, 4]
unsafe: [61, 62, 59, 57, 51] --> [-1, 3, 2, 6]
unsafe: [72, 73, 72, 71, 74, 73] --> [-1, 1, 1, -3, 1]
unsafe: [90, 92, 93, 91, 88, 87, 88] --> [-2, -1, 2, 3, 1, -1]
unsafe: [31, 33, 30, 31, 28, 25, 25] --> [-2, 3, -1, 3, 3, 0]
unsafe: [74, 75, 73, 72, 71, 70, 73, 69] --> [-1, 2, 1, 1, 1, -3, 4]
unsafe: [78, 81, 78, 79, 78, 71] --> [-3, 3, -1, 1, 7]
unsafe: [66, 69, 69, 66, 63, 61, 60, 57] --> [-3, 0, 3, 3, 2, 1, 3]
unsafe: [7, 9, 6, 5, 5, 7] --> [-2, 3, 1, 0, -2]
unsafe: [51, 53, 52, 52, 51, 51] --> [-2, 1, 0, 1, 0]
unsafe: [90, 92, 89, 86, 86, 84, 80] --> [-2, 3, 3, 0, 2, 4]
unsafe: [88, 91, 91, 90, 89, 83] --> [-3, 0, 1, 1, 6]
unsafe: [52, 55, 54, 50, 48, 46, 45, 44] --> [-3, 1, 4, 2, 2, 1, 1]
unsafe: [87, 90, 88, 86, 82, 81, 78, 81] --> [-3, 2, 2, 4, 1, 3, -3]
unsafe: [46, 49, 48, 45, 41, 38, 38] --> [-3, 1, 3, 4, 3, 0]
unsafe: [41, 42, 38, 37, 33] --> [-1, 4, 1, 4]
unsafe: [90, 93, 91, 90, 88, 84, 81, 76] --> [-3, 2, 1, 2, 4, 3, 5]
unsafe: [52, 54, 52, 46, 43, 42] --> [-2, 2, 6, 3, 1]
unsafe: [43, 46, 43, 36, 38] --> [-3, 3, 7, -2]
unsafe: [12, 14, 11, 10, 8, 7, 2, 2] --> [-2, 3, 1, 2, 1, 5, 0]
unsafe: [29, 30, 23, 22, 21, 17] --> [-1, 7, 1, 1, 4]
unsafe: [68, 71, 65, 64, 61, 59, 56, 51] --> [-3, 6, 1, 3, 2, 3, 5]
unsafe: [-46, -46, -45, -44, -47] --> [0, -1, -1, 3]
unsafe: [-65, -65, -62, -60, -59, -57, -54, -54] --> [0, -3, -2, -1, -2, -3, 0]
unsafe: [-90, -90, -87, -86, -84, -81, -80, -76] --> [0, -3, -1, -2, -3, -1, -4]
unsafe: [-22, -22, -20, -19, -18, -17, -10] --> [0, -2, -1, -1, -1, -7]
unsafe: [-56, -56, -55, -53, -55, -54, -51, -49] --> [0, -1, -2, 2, -1, -3, -2]
unsafe: [46, 46, 47, 44, 45] --> [0, -1, 3, -1]
unsafe: [94, 94, 95, 92, 90, 90] --> [0, -1, 3, 2, 0]
unsafe: [51, 51, 54, 51, 47] --> [0, -3, 3, 4]
unsafe: [-64, -64, -62, -64, -62, -60, -55] --> [0, -2, 2, -2, -2, -5]
unsafe: [-99, -99, -97, -96, -96, -93, -90, -89] --> [0, -2, -1, 0, -3, -3, -1]
unsafe: [-70, -70, -70, -68, -66, -64, -66] --> [0, 0, -2, -2, -2, 2]
unsafe: [-91, -91, -89, -87, -84, -84, -83, -83] --> [0, -2, -2, -3, 0, -1, 0]
unsafe: [-92, -92, -92, -91, -89, -85] --> [0, 0, -1, -2, -4]
unsafe: [-11, -11, -8, -8, -6, -1] --> [0, -3, 0, -2, -5]
unsafe: [-81, -81, -80, -76, -73, -70] --> [0, -1, -4, -3, -3]
unsafe: [-56, -56, -54, -50, -48, -45, -43, -45] --> [0, -2, -4, -2, -3, -2, 2]
unsafe: [-72, -72, -69, -68, -64, -61, -59, -59] --> [0, -3, -1, -4, -3, -2, 0]
unsafe: [-80, -80, -77, -73, -69] --> [0, -3, -4, -4]
unsafe: [-61, -61, -59, -55, -49] --> [0, -2, -4, -6]
unsafe: [-24, -24, -21, -20, -15, -14, -12, -9] --> [0, -3, -1, -5, -1, -2, -3]
unsafe: [-38, -38, -35, -32, -26, -28] --> [0, -3, -3, -6, 2]
unsafe: [-53, -53, -52, -51, -49, -42, -42] --> [0, -1, -1, -2, -7, 0]
unsafe: [-60, -60, -54, -52, -51, -50, -46] --> [0, -6, -2, -1, -1, -4]
unsafe: [-42, -42, -39, -36, -34, -27, -20] --> [0, -3, -3, -2, -7, -7]
unsafe: [-34, -30, -28, -27, -25, -22, -25] --> [-4, -2, -1, -2, -3, 3]
unsafe: [-94, -90, -88, -87, -84, -84] --> [-4, -2, -1, -3, 0]
unsafe: [-84, -80, -77, -76, -75, -74, -70] --> [-4, -3, -1, -1, -1, -4]
unsafe: [-65, -61, -59, -58, -57, -55, -49] --> [-4, -2, -1, -1, -2, -6]
unsafe: [72, 68, 71, 68, 65, 64] --> [4, -3, 3, 3, 1]
unsafe: [-75, -71, -70, -71, -70, -71] --> [-4, -1, 1, -1, 1]
unsafe: [-97, -93, -91, -88, -85, -87, -86, -86] --> [-4, -2, -3, -3, 2, -1, 0]
unsafe: [-29, -25, -23, -26, -22] --> [-4, -2, 3, -4]
unsafe: [-92, -88, -86, -89, -86, -83, -80, -75] --> [-4, -2, 3, -3, -3, -3, -5]
unsafe: [-85, -81, -79, -78, -78, -77, -75, -73] --> [-4, -2, -1, 0, -1, -2, -2]
unsafe: [-80, -76, -75, -75, -72, -69, -72] --> [-4, -1, 0, -3, -3, 3]
unsafe: [-59, -55, -52, -52, -49, -49] --> [-4, -3, 0, -3, 0]
unsafe: [-60, -56, -56, -54, -50] --> [-4, 0, -2, -4]
unsafe: [-75, -71, -71, -70, -67, -60] --> [-4, 0, -1, -3, -7]
unsafe: [-81, -77, -76, -72, -70] --> [-4, -1, -4, -2]
unsafe: [-36, -32, -31, -27, -29] --> [-4, -1, -4, 2]
unsafe: [-86, -82, -79, -77, -73, -71, -71] --> [-4, -3, -2, -4, -2, 0]
unsafe: [-56, -52, -49, -45, -41] --> [-4, -3, -4, -4]
unsafe: [-94, -90, -86, -85, -80] --> [-4, -4, -1, -5]
unsafe: [-95, -91, -88, -87, -84, -78, -76] --> [-4, -3, -1, -3, -6, -2]
unsafe: [-63, -59, -56, -55, -54, -47, -49] --> [-4, -3, -1, -1, -7, 2]
unsafe: [-63, -59, -56, -54, -48, -48] --> [-4, -3, -2, -6, 0]
unsafe: [-70, -66, -59, -57, -55, -53, -49] --> [-4, -7, -2, -2, -2, -4]
unsafe: [-24, -20, -18, -15, -8, -7, -6, -1] --> [-4, -2, -3, -7, -1, -1, -5]
unsafe: [-31, -25, -23, -21, -19, -16, -15, -17] --> [-6, -2, -2, -2, -3, -1, 2]
unsafe: [-89, -82, -80, -77, -77] --> [-7, -2, -3, 0]
unsafe: [-58, -53, -51, -48, -44] --> [-5, -2, -3, -4]
unsafe: [-63, -56, -55, -52, -50, -47, -45, -38] --> [-7, -1, -3, -2, -3, -2, -7]
unsafe: [-58, -52, -50, -52, -50, -47, -45] --> [-6, -2, 2, -2, -3, -2]
unsafe: [86, 79, 80, 79, 82] --> [7, -1, 1, -3]
unsafe: [-70, -63, -61, -60, -63, -63] --> [-7, -2, -1, 3, 0]
unsafe: [-54, -48, -47, -45, -46, -42] --> [-6, -1, -2, 1, -4]
unsafe: [-58, -53, -52, -54, -52, -45] --> [-5, -1, 2, -2, -7]
unsafe: [-54, -47, -44, -41, -39, -39, -36, -33] --> [-7, -3, -3, -2, 0, -3, -3]
unsafe: [-56, -51, -50, -50, -49, -47, -49] --> [-5, -1, 0, -1, -2, 2]
unsafe: [-79, -73, -73, -70, -69, -69] --> [-6, 0, -3, -1, 0]
unsafe: [-80, -73, -72, -71, -71, -69, -67, -63] --> [-7, -1, -1, 0, -2, -2, -4]
unsafe: [-70, -63, -62, -60, -59, -58, -58, -52] --> [-7, -1, -2, -1, -1, 0, -6]
unsafe: [-21, -15, -12, -9, -6, -2, -1] --> [-6, -3, -3, -3, -4, -1]
unsafe: [-42, -35, -33, -29, -31] --> [-7, -2, -4, 2]
unsafe: [-36, -30, -26, -23, -23] --> [-6, -4, -3, 0]
unsafe: [-30, -23, -22, -21, -18, -16, -12, -8] --> [-7, -1, -1, -3, -2, -4, -4]
unsafe: [-29, -24, -20, -17, -14, -9] --> [-5, -4, -3, -3, -5]
unsafe: [-47, -42, -36, -34, -33] --> [-5, -6, -2, -1]
unsafe: [-99, -93, -90, -89, -82, -81, -78, -81] --> [-6, -3, -1, -7, -1, -3, 3]
unsafe: [-29, -22, -17, -16, -16] --> [-7, -5, -1, 0]
unsafe: [-59, -53, -52, -50, -48, -46, -40, -36] --> [-6, -1, -2, -2, -2, -6, -4]
unsafe: [-97, -92, -85, -82, -81, -79, -78, -71] --> [-5, -7, -3, -1, -2, -1, -7]
unsafe: [52, 57, 60, 61, 62, 64, 70, 73] --> [-5, -3, -1, -1, -2, -6, -3]
unsafe: [42, 44, 47, 50, 53, 57, 60, 64] --> [-2, -3, -3, -3, -4, -3, -4]
unsafe: [-34, -27, -27, -25, -25] --> [-7, 0, -2, 0]
unsafe: [-92, -90, -90, -92, -99] --> [-2, 0, 2, 7]
unsafe: [73, 75, 76, 78, 82, 85, 87, 85] --> [-2, -1, -2, -4, -3, -2, 2]
unsafe: [23, 19, 21, 18, 16, 14, 8] --> [4, -2, 3, 2, 2, 6]
unsafe: [21, 26, 27, 28, 30, 27, 33] --> [-5, -1, -1, -2, 3, -6]
unsafe: [26, 23, 24, 27, 31, 32, 31] --> [3, -1, -3, -4, -1, 1]
unsafe: [30, 31, 33, 32, 29, 28, 26, 26] --> [-1, -2, 1, 3, 1, 2, 0]
unsafe: [42, 44, 45, 46, 46, 48, 49, 55] --> [-2, -1, -1, 0, -2, -1, -6]
unsafe: [45, 49, 52, 53, 55, 60] --> [-4, -3, -1, -2, -5]
unsafe: [-47, -47, -46, -42, -42] --> [0, -1, -4, 0]
unsafe: [-61, -61, -60, -62, -61, -58, -56, -50] --> [0, -1, 2, -1, -3, -2, -6]
unsafe: [-15, -15, -15, -18, -21, -19] --> [0, 0, 3, 3, -2]
unsafe: [-28, -26, -22, -19, -12] --> [-2, -4, -3, -7]
unsafe: [23, 29, 30, 33, 30, 32, 35, 39] --> [-6, -1, -3, 3, -2, -3, -4]
unsafe: [-20, -20, -17, -16, -13, -9, -7, -2] --> [0, -3, -1, -3, -4, -2, -5]
unsafe: [-76, -72, -71, -70, -67, -65, -59, -55] --> [-4, -1, -1, -3, -2, -6, -4]
unsafe: [35, 40, 42, 44, 47, 49, 49] --> [-5, -2, -2, -3, -2, 0]
unsafe: [87, 83, 86, 83, 82, 82] --> [4, -3, 3, 1, 0]
unsafe: [-37, -32, -30, -27, -24, -20, -20] --> [-5, -2, -3, -3, -4, 0]
unsafe: [21, 21, 23, 21, 28] --> [0, -2, 2, -7]
unsafe: [41, 39, 40, 42, 45, 48, 51, 51] --> [2, -1, -2, -3, -3, -3, 0]
unsafe: [84, 85, 84, 82, 80, 76] --> [-1, 1, 2, 2, 4]
unsafe: [-45, -45, -39, -38, -38] --> [0, -6, -1, 0]
unsafe: [-47, -43, -43, -41, -38, -31] --> [-4, 0, -2, -3, -7]
unsafe: [-33, -33, -32, -29, -22, -21, -15] --> [0, -1, -3, -7, -1, -6]
unsafe: [31, 37, 40, 40, 47] --> [-6, -3, 0, -7]
unsafe: [-70, -67, -64, -63, -61, -62, -57] --> [-3, -3, -1, -2, 1, -5]
unsafe: [-39, -34, -33, -30, -29, -26, -26, -19] --> [-5, -1, -3, -1, -3, 0, -7]
unsafe: [63, 63, 64, 66, 66, 68, 69, 71] --> [0, -1, -2, 0, -2, -1, -2]
unsafe: [38, 45, 48, 51, 50] --> [-7, -3, -3, 1]
unsafe: [53, 59, 63, 66, 65] --> [-6, -4, -3, 1]
unsafe: [-59, -59, -56, -56, -55, -56] --> [0, -3, 0, -1, 1]
unsafe: [-71, -67, -66, -64, -60] --> [-4, -1, -2, -4]
unsafe: [48, 50, 57, 60, 60] --> [-2, -7, -3, 0]
unsafe: [73, 73, 75, 76, 76, 77, 77] --> [0, -2, -1, 0, -1, 0]
unsafe: [62, 62, 63, 70, 71] --> [0, -1, -7, -1]
unsafe: [-45, -41, -38, -34, -33, -31, -29, -26] --> [-4, -3, -4, -1, -2, -2, -3]
unsafe: [85, 85, 88, 89, 92, 89, 92, 90] --> [0, -3, -1, -3, 3, -3, 2]
unsafe: [49, 47, 48, 51, 53, 53, 53] --> [2, -1, -3, -2, 0, 0]
unsafe: [-17, -16, -13, -15, -16, -18, -18] --> [-1, -3, 2, 1, 2, 0]
unsafe: [56, 57, 58, 62, 65, 72] --> [-1, -1, -4, -3, -7]
unsafe: [13, 13, 18, 20, 20] --> [0, -5, -2, 0]
unsafe: [-76, -72, -67, -66, -64, -58] --> [-4, -5, -1, -2, -6]
unsafe: [4, 11, 12, 13, 15, 19, 19] --> [-7, -1, -1, -2, -4, 0]
unsafe: [-32, -28, -27, -24, -21, -14, -11, -11] --> [-4, -1, -3, -3, -7, -3, 0]
unsafe: [-11, -11, -10, -10, -6] --> [0, -1, 0, -4]
unsafe: [42, 42, 44, 45, 47, 53, 56, 60] --> [0, -2, -1, -2, -6, -3, -4]
unsafe: [77, 80, 77, 75, 74, 72] --> [-3, 3, 2, 1, 2]
unsafe: [41, 45, 49, 52, 55, 56, 59] --> [-4, -4, -3, -3, -1, -3]
unsafe: [30, 35, 36, 37, 38, 38, 41] --> [-5, -1, -1, -1, 0, -3]
unsafe: [69, 72, 73, 76, 78, 80, 80, 84] --> [-3, -1, -3, -2, -2, 0, -4]
unsafe: [-78, -74, -71, -69, -68, -64, -66] --> [-4, -3, -2, -1, -4, 2]
unsafe: [-21, -16, -12, -10, -6] --> [-5, -4, -2, -4]
unsafe: [-94, -90, -86, -83, -83] --> [-4, -4, -3, 0]
unsafe: [81, 85, 88, 89, 90, 88] --> [-4, -3, -1, -1, 2]
unsafe: [43, 45, 43, 39, 37, 33] --> [-2, 2, 4, 2, 4]
unsafe: [-99, -95, -94, -91, -94] --> [-4, -1, -3, 3]
unsafe: [-57, -57, -54, -52, -50, -47, -45, -39] --> [0, -3, -2, -2, -3, -2, -6]
unsafe: [24, 25, 23, 22, 15, 14, 14] --> [-1, 2, 1, 7, 1, 0]
unsafe: [-88, -84, -83, -80, -79, -76, -74, -74] --> [-4, -1, -3, -1, -3, -2, 0]
unsafe: [-98, -94, -92, -90, -89, -85, -80] --> [-4, -2, -2, -1, -4, -5]
unsafe: [37, 37, 38, 41, 44, 44] --> [0, -1, -3, -3, 0]
unsafe: [95, 96, 96, 93, 92, 85] --> [-1, 0, 3, 1, 7]
unsafe: [6, 6, 7, 9, 15, 17, 16] --> [0, -1, -2, -6, -2, 1]
unsafe: [68, 71, 78, 80, 81, 85] --> [-3, -7, -2, -1, -4]
unsafe: [30, 34, 37, 40, 41, 45, 45] --> [-4, -3, -3, -1, -4, 0]
unsafe: [9, 13, 15, 15, 16, 19, 22, 26] --> [-4, -2, 0, -1, -3, -3, -4]
unsafe: [-55, -49, -46, -45, -42, -40, -41] --> [-6, -3, -1, -3, -2, 1]
unsafe: [-76, -72, -68, -67, -63] --> [-4, -4, -1, -4]
unsafe: [26, 33, 36, 37, 34, 35] --> [-7, -3, -1, 3, -1]
unsafe: [-51, -44, -41, -39, -41, -39, -35] --> [-7, -3, -2, 2, -2, -4]
unsafe: [12, 9, 11, 14, 15, 16, 18, 15] --> [3, -2, -3, -1, -1, -2, 3]
unsafe: [42, 42, 45, 45, 46, 48, 49, 56] --> [0, -3, 0, -1, -2, -1, -7]
unsafe: [4, 8, 9, 10, 8, 8] --> [-4, -1, -1, 2, 0]
unsafe: [-53, -53, -50, -49, -44, -42, -44] --> [0, -3, -1, -5, -2, 2]
unsafe: [8, 12, 16, 18, 20, 24] --> [-4, -4, -2, -2, -4]
unsafe: [67, 68, 70, 69, 69] --> [-1, -2, 1, 0]
unsafe: [-56, -49, -44, -43, -42, -40, -43] --> [-7, -5, -1, -1, -2, 3]
unsafe: [39, 37, 40, 43, 44, 49, 53] --> [2, -3, -3, -1, -5, -4]
unsafe: [59, 63, 66, 72, 72] --> [-4, -3, -6, 0]
unsafe: [44, 44, 47, 48, 49, 52, 56, 56] --> [0, -3, -1, -1, -3, -4, 0]
unsafe: [-62, -59, -57, -57, -58] --> [-3, -2, 0, 1]
unsafe: [-83, -83, -81, -78, -77, -73] --> [0, -2, -3, -1, -4]
unsafe: [54, 58, 60, 62, 69, 74] --> [-4, -2, -2, -7, -5]
unsafe: [-37, -35, -35, -32, -26] --> [-2, 0, -3, -6]
unsafe: [39, 43, 46, 52, 55] --> [-4, -3, -6, -3]
unsafe: [73, 80, 83, 84, 86, 90] --> [-7, -3, -1, -2, -4]
unsafe: [67, 69, 67, 67, 64, 63, 61] --> [-2, 2, 0, 3, 1, 2]
unsafe: [53, 54, 51, 48, 45, 44, 45] --> [-1, 3, 3, 3, 1, -1]
unsafe: [34, 34, 35, 36, 38, 40, 37, 37] --> [0, -1, -1, -2, -2, 3, 0]
unsafe: [73, 75, 72, 71, 68, 65, 62, 62] --> [-2, 3, 1, 3, 3, 3, 0]
unsafe: [39, 46, 52, 53, 55, 52] --> [-7, -6, -1, -2, 3]
unsafe: [-32, -32, -31, -29, -26, -28, -28] --> [0, -1, -2, -3, 2, 0]
unsafe: [6, 9, 12, 10, 7] --> [-3, -3, 2, 3]
unsafe: [26, 26, 28, 32, 35, 38, 40, 44] --> [0, -2, -4, -3, -3, -2, -4]
unsafe: [67, 70, 67, 65, 58] --> [-3, 3, 2, 7]
unsafe: [32, 33, 32, 31, 30, 23, 20] --> [-1, 1, 1, 1, 7, 3]
unsafe: [-17, -16, -16, -13, -9] --> [-1, 0, -3, -4]
unsafe: [-22, -21, -21, -22, -24, -26, -29, -33] --> [-1, 0, 1, 2, 2, 3, 4]
unsafe: [91, 91, 93, 91, 92] --> [0, -2, 2, -1]
unsafe: [28, 28, 29, 31, 32, 33, 32] --> [0, -1, -2, -1, -1, 1]
unsafe: [39, 39, 40, 37, 34] --> [0, -1, 3, 3]
unsafe: [-9, -9, -9, -8, -5, -3, -1, -1] --> [0, 0, -1, -3, -2, -2, 0]
unsafe: [-21, -19, -18, -14, -13, -12, -15] --> [-2, -1, -4, -1, -1, 3]
unsafe: [-58, -54, -51, -50, -48, -48, -45, -41] --> [-4, -3, -1, -2, 0, -3, -4]
unsafe: [-14, -12, -6, -4, -3, -5] --> [-2, -6, -2, -1, 2]
unsafe: [19, 22, 22, 19, 16, 17] --> [-3, 0, 3, 3, -1]
unsafe: [-87, -80, -74, -72, -68] --> [-7, -6, -2, -4]
unsafe: [-94, -94, -90, -88, -84] --> [0, -4, -2, -4]
unsafe: [16, 10, 13, 10, 8, 8] --> [6, -3, 3, 2, 0]
unsafe: [-60, -53, -50, -53, -55] --> [-7, -3, 3, 2]
unsafe: [25, 28, 30, 31, 33, 35, 42, 39] --> [-3, -2, -1, -2, -2, -7, 3]
unsafe: [-33, -28, -25, -23, -20, -19, -15] --> [-5, -3, -2, -3, -1, -4]
-----------------------------
safe_2 reports: 661
[Finished in 74ms]